#
# There is insufficient memory for the Java Runtime Environment to continue.
# Native memory allocation (mmap) failed to map 64487424 bytes for committing reserved memory.
# Possible reasons:
#   The system is out of physical RAM or swap space
#   In 32 bit mode, the process size limit was hit
# Possible solutions:
#   Reduce memory load on the system
#   Increase physical memory or swap space
#   Check if swap backing store is full
#   Use 64 bit Java on a 64 bit OS
#   Decrease Java heap size (-Xmx/-Xms)
#   Decrease number of Java threads
#   Decrease Java thread stack sizes (-Xss)
#   Set larger code cache with -XX:ReservedCodeCacheSize=
# This output file may be truncated or incomplete.
#
#  Out of Memory Error (os_linux.cpp:2640), pid=18816, tid=0x00007f5129542700
#
# JRE version: Java(TM) SE Runtime Environment (8.0_144-b01) (build 1.8.0_144-b01)
# Java VM: Java HotSpot(TM) 64-Bit Server VM (25.144-b01 mixed mode linux-amd64 compressed oops)
# Failed to write core dump. Core dumps have been disabled. To enable core dumping, try "ulimit -c unlimited" before starting Java again
#

---------------  T H R E A D  ---------------

Current thread (0x00007f513c0fa800):  VMThread [stack: 0x00007f5129442000,0x00007f5129543000] [id=18821]

Stack: [0x00007f5129442000,0x00007f5129543000],  sp=0x00007f51295412a0,  free space=1020k
Native frames: (J=compiled Java code, j=interpreted, Vv=VM code, C=native code)
V  [libjvm.so+0xacb18a]  VMError::report_and_die()+0x2ba
V  [libjvm.so+0x4ff4db]  report_vm_out_of_memory(char const*, int, unsigned long, VMErrorType, char const*)+0x8b
V  [libjvm.so+0x927d23]  os::Linux::commit_memory_impl(char*, unsigned long, bool)+0x103
V  [libjvm.so+0x928279]  os::pd_commit_memory(char*, unsigned long, unsigned long, bool)+0x29
V  [libjvm.so+0x92249a]  os::commit_memory(char*, unsigned long, unsigned long, bool)+0x2a
V  [libjvm.so+0x996ff3]  PSVirtualSpace::expand_by(unsigned long)+0x53
V  [libjvm.so+0x9878b0]  PSOldGen::expand(unsigned long)+0x170
V  [libjvm.so+0x987abb]  PSOldGen::resize(unsigned long)+0x1cb
V  [libjvm.so+0x98f7c1]  PSParallelCompact::invoke_no_policy(bool)+0x991
V  [libjvm.so+0x99511d]  PSScavenge::invoke()+0x1ad
V  [libjvm.so+0x94bce0]  ParallelScavengeHeap::failed_mem_allocate(unsigned long)+0x70
V  [libjvm.so+0xaccba7]  VM_ParallelGCFailedAllocation::doit()+0x97
V  [libjvm.so+0xad4685]  VM_Operation::evaluate()+0x55
V  [libjvm.so+0xad2a5a]  VMThread::evaluate_operation(VM_Operation*)+0xba
V  [libjvm.so+0xad2dde]  VMThread::loop()+0x1ce
V  [libjvm.so+0xad3250]  VMThread::run()+0x70
V  [libjvm.so+0x92a338]  java_start(Thread*)+0x108

VM_Operation (0x00007f5143241a10): ParallelGCFailedAllocation, mode: safepoint, requested by thread 0x00007f513c009800


---------------  P R O C E S S  ---------------

Java Threads: ( => current thread )
  0x00007f513cf10000 JavaThread "Java2D Disposer" daemon [_thread_blocked, id=18844, stack(0x00007f50fa1b3000,0x00007f50fa2b4000)]
  0x00007f513e11c800 JavaThread "jenkins.util.Timer [#2]" daemon [_thread_blocked, id=18840, stack(0x00007f50faa8e000,0x00007f50fab8f000)]
  0x00007f513e132000 JavaThread "jenkins.util.Timer [#1]" daemon [_thread_blocked, id=18839, stack(0x00007f50fab8f000,0x00007f50fac90000)]
  0x00007f50f4002000 JavaThread "pool-3-thread-2" [_thread_blocked, id=18838, stack(0x00007f50fac90000,0x00007f50fad91000)]
  0x00007f513e12d000 JavaThread "pool-3-thread-1" [_thread_blocked, id=18837, stack(0x00007f51000d6000,0x00007f51001d7000)]
  0x00007f513c141000 JavaThread "Service Thread" daemon [_thread_blocked, id=18827, stack(0x00007f5128ca4000,0x00007f5128da5000)]
  0x00007f513c13e800 JavaThread "C1 CompilerThread1" daemon [_thread_blocked, id=18826, stack(0x00007f5128da5000,0x00007f5128ea6000)]
  0x00007f513c13b800 JavaThread "C2 CompilerThread0" daemon [_thread_blocked, id=18825, stack(0x00007f5128ea6000,0x00007f5128fa7000)]
  0x00007f513c13a000 JavaThread "Signal Dispatcher" daemon [_thread_blocked, id=18824, stack(0x00007f5128fa7000,0x00007f51290a8000)]
  0x00007f513c107000 JavaThread "Finalizer" daemon [_thread_blocked, id=18823, stack(0x00007f5129240000,0x00007f5129341000)]
  0x00007f513c102000 JavaThread "Reference Handler" daemon [_thread_blocked, id=18822, stack(0x00007f5129341000,0x00007f5129442000)]
  0x00007f513c009800 JavaThread "main" [_thread_blocked, id=18817, stack(0x00007f5143145000,0x00007f5143246000)]

Other Threads:
=>0x00007f513c0fa800 VMThread [stack: 0x00007f5129442000,0x00007f5129543000] [id=18821]
  0x00007f513c144000 WatcherThread [stack: 0x00007f5128ba3000,0x00007f5128ca4000] [id=18828]

VM state:at safepoint (normal execution)

VM Mutex/Monitor currently owned by a thread:  ([mutex/lock_event])
[0x00007f513c0059c0] ExpandHeap_lock - owner thread: 0x00007f513c0fa800
[0x00007f513c006040] Threads_lock - owner thread: 0x00007f513c0fa800
[0x00007f513c006540] Heap_lock - owner thread: 0x00007f513c009800

Heap:
 PSYoungGen      total 309760K, used 0K [0x00000000eb700000, 0x0000000100000000, 0x0000000100000000)
  eden space 282624K, 0% used [0x00000000eb700000,0x00000000eb700000,0x00000000fcb00000)
  from space 27136K, 0% used [0x00000000fcb00000,0x00000000fcb00000,0x00000000fe580000)
  to   space 27136K, 0% used [0x00000000fe580000,0x00000000fe580000,0x0000000100000000)
 ParOldGen       total 85504K, used 81717K [0x00000000c2400000, 0x00000000c7780000, 0x00000000eb700000)
  object space 85504K, 95% used [0x00000000c2400000,0x00000000c73cd428,0x00000000c7780000)
 Metaspace       used 56011K, capacity 56792K, committed 63320K, reserved 1105920K
  class space    used 6253K, capacity 6503K, committed 7296K, reserved 1048576K

Card table byte_map: [0x00007f51400b9000,0x00007f51402a8000] byte_map_base: 0x00007f513faa7000

Marking Bits: (ParMarkBitMap*) 0x00007f5142618dc0
 Begin Bits: [0x00007f512aa14000, 0x00007f512b984000)
 End Bits:   [0x00007f512b984000, 0x00007f512c8f4000)

Polling page: 0x00007f5143269000

CodeCache: size=245760Kb used=17505Kb max_used=17514Kb free=228254Kb
 bounds [0x00007f512d000000, 0x00007f512e140000, 0x00007f513c000000]
 total_blobs=5786 nmethods=4848 adapters=851
 compilation: enabled

Compilation events (10 events):
Event: 74.105 Thread 0x00007f513c13b800 nmethod 5823 0x00007f512e13e050 code [0x00007f512e13e280, 0x00007f512e13ebc0]
Event: 74.105 Thread 0x00007f513c13b800 5824       4       javassist.compiler.CodeGen::compareExpr (347 bytes)
Event: 74.116 Thread 0x00007f513c13b800 nmethod 5824 0x00007f512d787ad0 code [0x00007f512d787c80, 0x00007f512d788478]
Event: 74.116 Thread 0x00007f513c13b800 5825       4       javassist.compiler.CodeGen::convertOprandTypes (263 bytes)
Event: 74.117 Thread 0x00007f513c13b800 nmethod 5825 0x00007f512d2f20d0 code [0x00007f512d2f2240, 0x00007f512d2f2418]
Event: 74.133 Thread 0x00007f513c13b800 5826       4       javassist.CtClassType::getMethod (48 bytes)
Event: 74.135 Thread 0x00007f513c13b800 nmethod 5826 0x00007f512d12b190 code [0x00007f512d12b2e0, 0x00007f512d12b388]
Event: 74.811 Thread 0x00007f513c13e800 5827       3       java.io.DataInputStream::readLong (128 bytes)
Event: 74.964 Thread 0x00007f513c13e800 nmethod 5827 0x00007f512dbd19d0 code [0x00007f512dbd1b60, 0x00007f512dbd1f08]
Event: 77.079 Thread 0x00007f513c13b800 5828       4       java.io.ExpiringCache::entryFor (57 bytes)

GC Heap History (10 events):
Event: 38.179 GC heap after
Heap after GC invocations=20 (full 3):
 PSYoungGen      total 318464K, used 18416K [0x00000000eb700000, 0x0000000100000000, 0x0000000100000000)
  eden space 300032K, 0% used [0x00000000eb700000,0x00000000eb700000,0x00000000fdc00000)
  from space 18432K, 99% used [0x00000000fdc00000,0x00000000fedfc290,0x00000000fee00000)
  to   space 18432K, 0% used [0x00000000fee00000,0x00000000fee00000,0x0000000100000000)
 ParOldGen       total 85504K, used 39620K [0x00000000c2400000, 0x00000000c7780000, 0x00000000eb700000)
  object space 85504K, 46% used [0x00000000c2400000,0x00000000c4ab11f8,0x00000000c7780000)
 Metaspace       used 56623K, capacity 57324K, committed 58200K, reserved 1099776K
  class space    used 6531K, capacity 6753K, committed 7040K, reserved 1048576K
}
Event: 47.440 GC heap before
{Heap before GC invocations=21 (full 3):
 PSYoungGen      total 318464K, used 318448K [0x00000000eb700000, 0x0000000100000000, 0x0000000100000000)
  eden space 300032K, 100% used [0x00000000eb700000,0x00000000fdc00000,0x00000000fdc00000)
  from space 18432K, 99% used [0x00000000fdc00000,0x00000000fedfc290,0x00000000fee00000)
  to   space 18432K, 0% used [0x00000000fee00000,0x00000000fee00000,0x0000000100000000)
 ParOldGen       total 85504K, used 39620K [0x00000000c2400000, 0x00000000c7780000, 0x00000000eb700000)
  object space 85504K, 46% used [0x00000000c2400000,0x00000000c4ab11f8,0x00000000c7780000)
 Metaspace       used 57875K, capacity 58596K, committed 59480K, reserved 1101824K
  class space    used 6627K, capacity 6859K, committed 7040K, reserved 1048576K
Event: 47.707 GC heap after
Heap after GC invocations=21 (full 3):
 PSYoungGen      total 309248K, used 15525K [0x00000000eb700000, 0x0000000100000000, 0x0000000100000000)
  eden space 290816K, 0% used [0x00000000eb700000,0x00000000eb700000,0x00000000fd300000)
  from space 18432K, 84% used [0x00000000fee00000,0x00000000ffd29538,0x0000000100000000)
  to   space 23040K, 0% used [0x00000000fd300000,0x00000000fd300000,0x00000000fe980000)
 ParOldGen       total 85504K, used 52207K [0x00000000c2400000, 0x00000000c7780000, 0x00000000eb700000)
  object space 85504K, 61% used [0x00000000c2400000,0x00000000c56fbcd0,0x00000000c7780000)
 Metaspace       used 57875K, capacity 58596K, committed 59480K, reserved 1101824K
  class space    used 6627K, capacity 6859K, committed 7040K, reserved 1048576K
}
Event: 56.645 GC heap before
{Heap before GC invocations=22 (full 3):
 PSYoungGen      total 309248K, used 306341K [0x00000000eb700000, 0x0000000100000000, 0x0000000100000000)
  eden space 290816K, 100% used [0x00000000eb700000,0x00000000fd300000,0x00000000fd300000)
  from space 18432K, 84% used [0x00000000fee00000,0x00000000ffd29538,0x0000000100000000)
  to   space 23040K, 0% used [0x00000000fd300000,0x00000000fd300000,0x00000000fe980000)
 ParOldGen       total 85504K, used 52207K [0x00000000c2400000, 0x00000000c7780000, 0x00000000eb700000)
  object space 85504K, 61% used [0x00000000c2400000,0x00000000c56fbcd0,0x00000000c7780000)
 Metaspace       used 59121K, capacity 59868K, committed 60504K, reserved 1103872K
  class space    used 6723K, capacity 6965K, committed 7040K, reserved 1048576K
Event: 56.696 GC heap after
Heap after GC invocations=22 (full 3):
 PSYoungGen      total 305664K, used 14455K [0x00000000eb700000, 0x0000000100000000, 0x0000000100000000)
  eden space 290816K, 0% used [0x00000000eb700000,0x00000000eb700000,0x00000000fd300000)
  from space 14848K, 97% used [0x00000000fd300000,0x00000000fe11dee8,0x00000000fe180000)
  to   space 23552K, 0% used [0x00000000fe900000,0x00000000fe900000,0x0000000100000000)
 ParOldGen       total 85504K, used 62533K [0x00000000c2400000, 0x00000000c7780000, 0x00000000eb700000)
  object space 85504K, 73% used [0x00000000c2400000,0x00000000c61114e0,0x00000000c7780000)
 Metaspace       used 59121K, capacity 59868K, committed 60504K, reserved 1103872K
  class space    used 6723K, capacity 6965K, committed 7040K, reserved 1048576K
}
Event: 65.135 GC heap before
{Heap before GC invocations=23 (full 3):
 PSYoungGen      total 305664K, used 305271K [0x00000000eb700000, 0x0000000100000000, 0x0000000100000000)
  eden space 290816K, 100% used [0x00000000eb700000,0x00000000fd300000,0x00000000fd300000)
  from space 14848K, 97% used [0x00000000fd300000,0x00000000fe11dee8,0x00000000fe180000)
  to   space 23552K, 0% used [0x00000000fe900000,0x00000000fe900000,0x0000000100000000)
 ParOldGen       total 85504K, used 62533K [0x00000000c2400000, 0x00000000c7780000, 0x00000000eb700000)
  object space 85504K, 73% used [0x00000000c2400000,0x00000000c61114e0,0x00000000c7780000)
 Metaspace       used 60365K, capacity 61140K, committed 61912K, reserved 1103872K
  class space    used 6818K, capacity 7071K, committed 7168K, reserved 1048576K
Event: 65.201 GC heap after
Heap after GC invocations=23 (full 3):
 PSYoungGen      total 306176K, used 23535K [0x00000000eb700000, 0x0000000100000000, 0x0000000100000000)
  eden space 282624K, 0% used [0x00000000eb700000,0x00000000eb700000,0x00000000fcb00000)
  from space 23552K, 99% used [0x00000000fe900000,0x00000000ffffbf88,0x0000000100000000)
  to   space 27136K, 0% used [0x00000000fcb00000,0x00000000fcb00000,0x00000000fe580000)
 ParOldGen       total 85504K, used 62996K [0x00000000c2400000, 0x00000000c7780000, 0x00000000eb700000)
  object space 85504K, 73% used [0x00000000c2400000,0x00000000c6185208,0x00000000c7780000)
 Metaspace       used 60365K, capacity 61140K, committed 61912K, reserved 1103872K
  class space    used 6818K, capacity 7071K, committed 7168K, reserved 1048576K
}
Event: 77.112 GC heap before
{Heap before GC invocations=24 (full 3):
 PSYoungGen      total 306176K, used 306159K [0x00000000eb700000, 0x0000000100000000, 0x0000000100000000)
  eden space 282624K, 100% used [0x00000000eb700000,0x00000000fcb00000,0x00000000fcb00000)
  from space 23552K, 99% used [0x00000000fe900000,0x00000000ffffbf88,0x0000000100000000)
  to   space 27136K, 0% used [0x00000000fcb00000,0x00000000fcb00000,0x00000000fe580000)
 ParOldGen       total 85504K, used 62996K [0x00000000c2400000, 0x00000000c7780000, 0x00000000eb700000)
  object space 85504K, 73% used [0x00000000c2400000,0x00000000c6185208,0x00000000c7780000)
 Metaspace       used 61614K, capacity 62476K, committed 63320K, reserved 1105920K
  class space    used 6914K, capacity 7177K, committed 7296K, reserved 1048576K
Event: 78.039 GC heap after
Heap after GC invocations=24 (full 3):
 PSYoungGen      total 309760K, used 14402K [0x00000000eb700000, 0x0000000100000000, 0x0000000100000000)
  eden space 282624K, 0% used [0x00000000eb700000,0x00000000eb700000,0x00000000fcb00000)
  from space 27136K, 53% used [0x00000000fcb00000,0x00000000fd910a20,0x00000000fe580000)
  to   space 27136K, 0% used [0x00000000fe580000,0x00000000fe580000,0x0000000100000000)
 ParOldGen       total 85504K, used 80656K [0x00000000c2400000, 0x00000000c7780000, 0x00000000eb700000)
  object space 85504K, 94% used [0x00000000c2400000,0x00000000c72c4228,0x00000000c7780000)
 Metaspace       used 61614K, capacity 62476K, committed 63320K, reserved 1105920K
  class space    used 6914K, capacity 7177K, committed 7296K, reserved 1048576K
}
Event: 78.139 GC heap before
{Heap before GC invocations=25 (full 4):
 PSYoungGen      total 309760K, used 14402K [0x00000000eb700000, 0x0000000100000000, 0x0000000100000000)
  eden space 282624K, 0% used [0x00000000eb700000,0x00000000eb700000,0x00000000fcb00000)
  from space 27136K, 53% used [0x00000000fcb00000,0x00000000fd910a20,0x00000000fe580000)
  to   space 27136K, 0% used [0x00000000fe580000,0x00000000fe580000,0x0000000100000000)
 ParOldGen       total 85504K, used 80656K [0x00000000c2400000, 0x00000000c7780000, 0x00000000eb700000)
  object space 85504K, 94% used [0x00000000c2400000,0x00000000c72c4228,0x00000000c7780000)
 Metaspace       used 61614K, capacity 62476K, committed 63320K, reserved 1105920K
  class space    used 6914K, capacity 7177K, committed 7296K, reserved 1048576K

Deoptimization events (10 events):
Event: 58.516 Thread 0x00007f513c009800 Uncommon trap: reason=bimorphic action=maybe_recompile pc=0x00007f512d3fc494 method=javassist.bytecode.ConstPool.copy(ILjavassist/bytecode/ConstPool;Ljava/util/Map;)I @ 18
Event: 58.988 Thread 0x00007f513c009800 Uncommon trap: reason=array_check action=maybe_recompile pc=0x00007f512e02be08 method=java.util.ComparableTimSort.mergeLo(IIII)V @ 207
Event: 59.415 Thread 0x00007f513c009800 Uncommon trap: reason=array_check action=maybe_recompile pc=0x00007f512e02be08 method=java.util.ComparableTimSort.mergeLo(IIII)V @ 207
Event: 60.077 Thread 0x00007f513c009800 Uncommon trap: reason=array_check action=maybe_recompile pc=0x00007f512e08e22c method=java.util.ComparableTimSort.mergeLo(IIII)V @ 240
Event: 60.077 Thread 0x00007f513c009800 Uncommon trap: reason=array_check action=maybe_recompile pc=0x00007f512e08e2d8 method=java.util.ComparableTimSort.mergeLo(IIII)V @ 371
Event: 60.124 Thread 0x00007f513c009800 Uncommon trap: reason=array_check action=maybe_recompile pc=0x00007f512e08e2d8 method=java.util.ComparableTimSort.mergeLo(IIII)V @ 371
Event: 60.180 Thread 0x00007f513c009800 Uncommon trap: reason=array_check action=maybe_recompile pc=0x00007f512e0a0380 method=java.util.ComparableTimSort.mergeLo(IIII)V @ 465
Event: 60.180 Thread 0x00007f513c009800 Uncommon trap: reason=array_check action=maybe_recompile pc=0x00007f512e0a0380 method=java.util.ComparableTimSort.mergeLo(IIII)V @ 465
Event: 62.867 Thread 0x00007f513c009800 Uncommon trap: reason=array_check action=maybe_recompile pc=0x00007f512e0b2a34 method=java.util.ComparableTimSort.mergeLo(IIII)V @ 587
Event: 63.934 Thread 0x00007f513c009800 Uncommon trap: reason=array_check action=maybe_recompile pc=0x00007f512e0b2a34 method=java.util.ComparableTimSort.mergeLo(IIII)V @ 587

Internal exceptions (10 events):
Event: 20.761 Thread 0x00007f513c009800 Exception <a 'java/lang/ClassNotFoundException': com/google/common/util/concurrent/SettableFutureBeanInfo> (0x00000000f0950c70) thrown at [/HUDSON3/workspace/8-2-build-linux-amd64/jdk8u144/9417/hotspot/src/share/vm/classfile/systemDictionary.cpp, line 210
Event: 20.762 Thread 0x00007f513c009800 Exception <a 'java/lang/ClassNotFoundException': com/google/common/util/concurrent/AbstractFutureBeanInfo> (0x00000000f0971c60) thrown at [/HUDSON3/workspace/8-2-build-linux-amd64/jdk8u144/9417/hotspot/src/share/vm/classfile/systemDictionary.cpp, line 210
Event: 20.762 Thread 0x00007f513c009800 Exception <a 'java/lang/ClassNotFoundException': com/google/common/util/concurrent/AbstractFutureCustomizer> (0x00000000f0c9d168) thrown at [/HUDSON3/workspace/8-2-build-linux-amd64/jdk8u144/9417/hotspot/src/share/vm/classfile/systemDictionary.cpp, line 2
Event: 20.766 Thread 0x00007f513c009800 Exception <a 'java/lang/ClassNotFoundException': com/google/common/util/concurrent/SettableFutureCustomizer> (0x00000000f0cc6cb8) thrown at [/HUDSON3/workspace/8-2-build-linux-amd64/jdk8u144/9417/hotspot/src/share/vm/classfile/systemDictionary.cpp, line 2
Event: 21.760 Thread 0x00007f513c009800 Exception <a 'java/lang/ClassNotFoundException': jenkins/ResilientJsonObjectTest$FooBeanInfo> (0x00000000f1ef7be0) thrown at [/HUDSON3/workspace/8-2-build-linux-amd64/jdk8u144/9417/hotspot/src/share/vm/classfile/systemDictionary.cpp, line 210]
Event: 21.760 Thread 0x00007f513c009800 Exception <a 'java/lang/ClassNotFoundException': jenkins/ResilientJsonObjectTest$FooCustomizer> (0x00000000f1f14578) thrown at [/HUDSON3/workspace/8-2-build-linux-amd64/jdk8u144/9417/hotspot/src/share/vm/classfile/systemDictionary.cpp, line 210]
Event: 22.278 Thread 0x00007f513c009800 Exception <a 'java/io/FileNotFoundException'> (0x00000000f245e5a8) thrown at [/HUDSON3/workspace/8-2-build-linux-amd64/jdk8u144/9417/hotspot/src/share/vm/prims/jni.cpp, line 709]
Event: 22.278 Thread 0x00007f513c009800 Exception <a 'java/io/FileNotFoundException'> (0x00000000f245f118) thrown at [/HUDSON3/workspace/8-2-build-linux-amd64/jdk8u144/9417/hotspot/src/share/vm/prims/jni.cpp, line 709]
Event: 22.313 Thread 0x00007f513c009800 Exception <a 'java/lang/NullPointerException'> (0x00000000f24db620) thrown at [/HUDSON3/workspace/8-2-build-linux-amd64/jdk8u144/9417/hotspot/src/share/vm/interpreter/linkResolver.cpp, line 1299]
Event: 23.386 Thread 0x00007f513ceca000 Implicit null exception at 0x00007f512d4c3fc1 to 0x00007f512d4c471d

Events (10 events):
Event: 70.213 Thread 0x00007f513c13b800 flushing nmethod 0x00007f512d277fd0
Event: 70.333 Thread 0x00007f513c13e800 flushing nmethod 0x00007f512d322b10
Event: 70.408 Thread 0x00007f513c13b800 flushing nmethod 0x00007f512d4410d0
Event: 70.408 Thread 0x00007f513c13b800 flushing nmethod 0x00007f512d447410
Event: 70.537 Thread 0x00007f513c13b800 flushing nmethod 0x00007f512d5193d0
Event: 70.567 Thread 0x00007f513c13e800 flushing nmethod 0x00007f512d753990
Event: 70.652 Thread 0x00007f513c13e800 flushing nmethod 0x00007f512dce7290
Event: 71.263 Thread 0x00007f513c13e800 flushing nmethod 0x00007f512dd7b390
Event: 71.263 Thread 0x00007f513c13e800 flushing nmethod 0x00007f512dda1a10
Event: 77.094 Executing VM operation: ParallelGCFailedAllocation


Dynamic libraries:
00400000-00401000 r-xp 00000000 fd:01 1443809                            /usr/lib/jvm/java-8-oracle/jre/bin/java
00600000-00601000 rw-p 00000000 fd:01 1443809                            /usr/lib/jvm/java-8-oracle/jre/bin/java
01304000-01325000 rw-p 00000000 00:00 0                                  [heap]
c2400000-c7780000 rw-p 00000000 00:00 0 
cb500000-eb700000 ---p 00000000 00:00 0 
eb700000-100000000 rw-p 00000000 00:00 0 
100000000-100720000 rw-p 00000000 00:00 0 
100720000-140000000 ---p 00000000 00:00 0 
7f50e4000000-7f50e4021000 rw-p 00000000 00:00 0 
7f50e4021000-7f50e8000000 ---p 00000000 00:00 0 
7f50ec000000-7f50ec021000 rw-p 00000000 00:00 0 
7f50ec021000-7f50f0000000 ---p 00000000 00:00 0 
7f50f0000000-7f50f0083000 rw-p 00000000 00:00 0 
7f50f0083000-7f50f4000000 ---p 00000000 00:00 0 
7f50f4000000-7f50f4021000 rw-p 00000000 00:00 0 
7f50f4021000-7f50f8000000 ---p 00000000 00:00 0 
7f50f8a8d000-7f50f8b4d000 rw-p 00000000 00:00 0 
7f50f8b4d000-7f50f8c8d000 ---p 00000000 00:00 0 
7f50f8c8d000-7f50f8e8d000 rw-p 00000000 00:00 0 
7f50f8e8d000-7f50f8eb7000 r-xp 00000000 fd:01 1443536                    /usr/lib/jvm/java-8-oracle/jre/lib/amd64/libdcpr.so
7f50f8eb7000-7f50f90b7000 ---p 0002a000 fd:01 1443536                    /usr/lib/jvm/java-8-oracle/jre/lib/amd64/libdcpr.so
7f50f90b7000-7f50f90ba000 rw-p 0002a000 fd:01 1443536                    /usr/lib/jvm/java-8-oracle/jre/lib/amd64/libdcpr.so
7f50f90ba000-7f50f9123000 r-xp 00000000 fd:01 1443582                    /usr/lib/jvm/java-8-oracle/jre/lib/amd64/libt2k.so
7f50f9123000-7f50f9323000 ---p 00069000 fd:01 1443582                    /usr/lib/jvm/java-8-oracle/jre/lib/amd64/libt2k.so
7f50f9323000-7f50f932a000 rw-p 00069000 fd:01 1443582                    /usr/lib/jvm/java-8-oracle/jre/lib/amd64/libt2k.so
7f50f932a000-7f50f933a000 rw-p 00000000 00:00 0 
7f50f933a000-7f50f939f000 r-xp 00000000 fd:01 1443550                    /usr/lib/jvm/java-8-oracle/jre/lib/amd64/libfontmanager.so
7f50f939f000-7f50f959e000 ---p 00065000 fd:01 1443550                    /usr/lib/jvm/java-8-oracle/jre/lib/amd64/libfontmanager.so
7f50f959e000-7f50f95a3000 rw-p 00064000 fd:01 1443550                    /usr/lib/jvm/java-8-oracle/jre/lib/amd64/libfontmanager.so
7f50f95a3000-7f50f97b3000 rw-p 00000000 00:00 0 
7f50f97b3000-7f50f99b3000 rw-p 00000000 00:00 0 
7f50f99b3000-7f50f9bb3000 rw-p 00000000 00:00 0 
7f50f9bb3000-7f50f9db3000 rw-p 00000000 00:00 0 
7f50f9db3000-7f50f9fb3000 rw-p 00000000 00:00 0 
7f50f9fb3000-7f50fa1b3000 rw-p 00000000 00:00 0 
7f50fa1b3000-7f50fa1b6000 ---p 00000000 00:00 0 
7f50fa1b6000-7f50fa2b4000 rw-p 00000000 00:00 0 
7f50fa2b4000-7f50fa2b7000 ---p 00000000 00:00 0 
7f50fa2b7000-7f50fa3b5000 rw-p 00000000 00:00 0 
7f50fa3b5000-7f50fa3bc000 r-xp 00000000 fd:01 1443546                    /usr/lib/jvm/java-8-oracle/jre/lib/amd64/libawt_headless.so
7f50fa3bc000-7f50fa5bb000 ---p 00007000 fd:01 1443546                    /usr/lib/jvm/java-8-oracle/jre/lib/amd64/libawt_headless.so
7f50fa5bb000-7f50fa5bc000 rw-p 00006000 fd:01 1443546                    /usr/lib/jvm/java-8-oracle/jre/lib/amd64/libawt_headless.so
7f50fa5bc000-7f50fa65e000 r-xp 00000000 fd:01 1443585                    /usr/lib/jvm/java-8-oracle/jre/lib/amd64/libawt.so
7f50fa65e000-7f50fa85e000 ---p 000a2000 fd:01 1443585                    /usr/lib/jvm/java-8-oracle/jre/lib/amd64/libawt.so
7f50fa85e000-7f50fa86a000 rw-p 000a2000 fd:01 1443585                    /usr/lib/jvm/java-8-oracle/jre/lib/amd64/libawt.so
7f50fa86a000-7f50faa8e000 rw-p 00000000 00:00 0 
7f50faa8e000-7f50faa91000 ---p 00000000 00:00 0 
7f50faa91000-7f50fab8f000 rw-p 00000000 00:00 0 
7f50fab8f000-7f50fab92000 ---p 00000000 00:00 0 
7f50fab92000-7f50fac90000 rw-p 00000000 00:00 0 
7f50fac90000-7f50fac93000 ---p 00000000 00:00 0 
7f50fac93000-7f50faf91000 rw-p 00000000 00:00 0 
7f50faf91000-7f50fafa3000 r-xp 00000000 fd:01 2108049                    /home/abva222/CS498/mp5/jenkins/core/target/jffi4271023669629412822.tmp
7f50fafa3000-7f50fb1a2000 ---p 00012000 fd:01 2108049                    /home/abva222/CS498/mp5/jenkins/core/target/jffi4271023669629412822.tmp
7f50fb1a2000-7f50fb1a3000 rw-p 00011000 fd:01 2108049                    /home/abva222/CS498/mp5/jenkins/core/target/jffi4271023669629412822.tmp
7f50fb1a3000-7f50fb3a3000 rw-p 00000000 00:00 0 
7f50fb3a3000-7f50fb3b9000 r-xp 00000000 fd:01 2755                       /lib/x86_64-linux-gnu/libgcc_s.so.1
7f50fb3b9000-7f50fb5b8000 ---p 00016000 fd:01 2755                       /lib/x86_64-linux-gnu/libgcc_s.so.1
7f50fb5b8000-7f50fb5b9000 rw-p 00015000 fd:01 2755                       /lib/x86_64-linux-gnu/libgcc_s.so.1
7f50fb5b9000-7f50fb5eb000 r-xp 00000000 fd:01 1443539                    /usr/lib/jvm/java-8-oracle/jre/lib/amd64/libsunec.so
7f50fb5eb000-7f50fb7ea000 ---p 00032000 fd:01 1443539                    /usr/lib/jvm/java-8-oracle/jre/lib/amd64/libsunec.so
7f50fb7ea000-7f50fb7f0000 rw-p 00031000 fd:01 1443539                    /usr/lib/jvm/java-8-oracle/jre/lib/amd64/libsunec.so
7f50fb7f0000-7f50fba00000 rw-p 00000000 00:00 0 
7f50fba00000-7f50fbbf6000 rw-p 00000000 00:00 0 
7f50fbbf6000-7f50fbc00000 ---p 00000000 00:00 0 
7f50fbc00000-7f50fc000000 rw-p 00000000 00:00 0 
7f50fc000000-7f50fc021000 rw-p 00000000 00:00 0 
7f50fc021000-7f5100000000 ---p 00000000 00:00 0 
7f51000d6000-7f51000d9000 ---p 00000000 00:00 0 
7f51000d9000-7f51003d7000 rw-p 00000000 00:00 0 
7f51003d7000-7f51005d7000 rw-p 00000000 00:00 0 
7f51005d7000-7f51007d7000 rw-p 00000000 00:00 0 
7f51007d7000-7f51037d8000 rw-p 00000000 00:00 0 
7f51037d8000-7f51037ee000 r-xp 00000000 fd:01 1443531                    /usr/lib/jvm/java-8-oracle/jre/lib/amd64/libnet.so
7f51037ee000-7f51039ee000 ---p 00016000 fd:01 1443531                    /usr/lib/jvm/java-8-oracle/jre/lib/amd64/libnet.so
7f51039ee000-7f51039ef000 rw-p 00016000 fd:01 1443531                    /usr/lib/jvm/java-8-oracle/jre/lib/amd64/libnet.so
7f51039ef000-7f5103a00000 r-xp 00000000 fd:01 1443556                    /usr/lib/jvm/java-8-oracle/jre/lib/amd64/libnio.so
7f5103a00000-7f5103bff000 ---p 00011000 fd:01 1443556                    /usr/lib/jvm/java-8-oracle/jre/lib/amd64/libnio.so
7f5103bff000-7f5103c00000 rw-p 00010000 fd:01 1443556                    /usr/lib/jvm/java-8-oracle/jre/lib/amd64/libnio.so
7f5103c00000-7f5103e00000 rw-p 00000000 00:00 0 
7f5103e00000-7f5104000000 rw-p 00000000 00:00 0 
7f5104000000-7f5104dae000 rw-p 00000000 00:00 0 
7f5104dae000-7f5108000000 ---p 00000000 00:00 0 
7f5108000000-7f5108021000 rw-p 00000000 00:00 0 
7f5108021000-7f510c000000 ---p 00000000 00:00 0 
7f510c000000-7f510c021000 rw-p 00000000 00:00 0 
7f510c021000-7f5110000000 ---p 00000000 00:00 0 
7f5110000000-7f5112d4e000 rw-p 00000000 00:00 0 
7f5112d4e000-7f5114000000 ---p 00000000 00:00 0 
7f5114000000-7f5114021000 rw-p 00000000 00:00 0 
7f5114021000-7f5118000000 ---p 00000000 00:00 0 
7f5118000000-7f5118021000 rw-p 00000000 00:00 0 
7f5118021000-7f511c000000 ---p 00000000 00:00 0 
7f511c000000-7f511c024000 rw-p 00000000 00:00 0 
7f511c024000-7f5120000000 ---p 00000000 00:00 0 
7f5120000000-7f512032f000 rw-p 00000000 00:00 0 
7f512032f000-7f5124000000 ---p 00000000 00:00 0 
7f5124000000-7f512403b000 rw-p 00000000 00:00 0 
7f512403b000-7f5128000000 ---p 00000000 00:00 0 
7f51280ef000-7f51280f4000 r--s 002f9000 fd:01 1443476                    /usr/lib/jvm/java-8-oracle/jre/lib/charsets.jar
7f51280f4000-7f51280f5000 r-xp 00000000 00:00 0 
7f51280f5000-7f51280fc000 r--s 00000000 fd:01 11573                      /usr/lib/x86_64-linux-gnu/gconv/gconv-modules.cache
7f51280fc000-7f5128102000 r--s 0003f000 fd:01 1443633                    /usr/lib/jvm/java-8-oracle/jre/lib/ext/sunjce_provider.jar
7f5128102000-7f5128104000 r--s 00009000 fd:01 1443632                    /usr/lib/jvm/java-8-oracle/jre/lib/ext/sunec.jar
7f5128104000-7f5128120000 r--s 00393000 fd:01 1443638                    /usr/lib/jvm/java-8-oracle/jre/lib/ext/cldrdata.jar
7f5128120000-7f512812a000 r--s 00116000 fd:01 1443635                    /usr/lib/jvm/java-8-oracle/jre/lib/ext/localedata.jar
7f512812a000-7f512832a000 rw-p 00000000 00:00 0 
7f512832a000-7f512852a000 rw-p 00000000 00:00 0 
7f512852a000-7f512853d000 r--s 00345000 fd:01 1443611                    /usr/lib/jvm/java-8-oracle/jre/lib/resources.jar
7f512853d000-7f512873d000 rw-p 00000000 00:00 0 
7f512873d000-7f512893d000 rw-p 00000000 00:00 0 
7f512893d000-7f5128940000 r--s 0001a000 fd:01 1443615                    /usr/lib/jvm/java-8-oracle/jre/lib/jce.jar
7f5128940000-7f5128945000 r--s 0009a000 fd:01 1443475                    /usr/lib/jvm/java-8-oracle/jre/lib/jsse.jar
7f5128945000-7f5128947000 r--s 0000e000 fd:01 1840646                    /home/abva222/.m2/repository/org/apache/maven/surefire/surefire-junit4/2.16/surefire-junit4-2.16.jar
7f5128947000-7f5128948000 r--s 00000000 fd:01 1980492                    /home/abva222/.m2/repository/org/jenkins-ci/test-annotations/1.1/test-annotations-1.1.jar
7f5128948000-7f5128949000 r--s 00000000 fd:01 2514286                    /home/abva222/.m2/repository/org/codehaus/mojo/animal-sniffer-annotations/1.9/animal-sniffer-annotations-1.9.jar
7f5128949000-7f512894b000 r--s 00010000 fd:01 2515493                    /home/abva222/.m2/repository/com/jcraft/jzlib/1.1.3-kohsuke-1/jzlib-1.1.3-kohsuke-1.jar
7f512894b000-7f512894e000 r--s 00006000 fd:01 1712538                    /home/abva222/.m2/repository/com/google/code/findbugs/jsr305/1.3.9/jsr305-1.3.9.jar
7f512894e000-7f512896e000 r--s 00173000 fd:01 1840693                    /home/abva222/.m2/repository/com/google/guava/guava/11.0.1/guava-11.0.1.jar
7f512896e000-7f512896f000 r--s 00004000 fd:01 2515489                    /home/abva222/.m2/repository/org/mindrot/jbcrypt/0.3m/jbcrypt-0.3m.jar
7f512896f000-7f5128971000 r--s 0000f000 fd:01 2371159                    /home/abva222/.m2/repository/commons-fileupload/commons-fileupload/1.3.1-jenkins-1/commons-fileupload-1.3.1-jenkins-1.jar
7f5128971000-7f5128973000 r--s 00005000 fd:01 2515487                    /home/abva222/.m2/repository/findbugs/annotations/1.0.0/annotations-1.0.0.jar
7f5128973000-7f5128974000 r--s 00001000 fd:01 2371156                    /home/abva222/.m2/repository/org/kohsuke/access-modifier-annotation/1.4/access-modifier-annotation-1.4.jar
7f5128974000-7f512897b000 r--s 0003a000 fd:01 2242882                    /home/abva222/.m2/repository/commons-codec/commons-codec/1.8/commons-codec-1.8.jar
7f512897b000-7f512897d000 r--s 00000000 fd:01 2242881                    /home/abva222/.m2/repository/org/jvnet/robust-http-client/robust-http-client/1.2/robust-http-client-1.2.jar
7f512897d000-7f512897e000 r--s 00001000 fd:01 2242878                    /home/abva222/.m2/repository/org/kohsuke/metainf-services/metainf-services/1.4/metainf-services-1.4.jar
7f512897e000-7f5128985000 r--s 0005b000 fd:01 2515483                    /home/abva222/.m2/repository/org/samba/jcifs/jcifs/1.3.17-kohsuke-1/jcifs-1.3.17-kohsuke-1.jar
7f5128985000-7f5128988000 r--s 0001a000 fd:01 2242876                    /home/abva222/.m2/repository/org/kohsuke/jinterop/j-interopdeps/2.0.6-kohsuke-1/j-interopdeps-2.0.6-kohsuke-1.jar
7f5128988000-7f512898e000 r--s 00059000 fd:01 1840691                    /home/abva222/.m2/repository/org/kohsuke/jinterop/j-interop/2.0.6-kohsuke-1/j-interop-2.0.6-kohsuke-1.jar
7f512898e000-7f5128990000 r--s 00006000 fd:01 1980458                    /home/abva222/.m2/repository/net/java/sezpoz/sezpoz/1.9/sezpoz-1.9.jar
7f5128990000-7f5128991000 r--s 00001000 fd:01 2107772                    /home/abva222/.m2/repository/com/sun/solaris/embedded_su4j/1.1/embedded_su4j-1.1.jar
7f5128991000-7f5128994000 r--s 0000d000 fd:01 2107770                    /home/abva222/.m2/repository/org/jvnet/libzfs/libzfs/0.5/libzfs-0.5.jar
7f5128994000-7f5128995000 r--s 00004000 fd:01 1455616                    /home/abva222/.m2/repository/org/kohsuke/libpam4j/1.8/libpam4j-1.8.jar
7f5128995000-7f5128996000 r--s 00004000 fd:01 1455615                    /home/abva222/.m2/repository/org/kohsuke/akuma/1.9/akuma-1.9.jar
7f5128996000-7f512899a000 r--s 000dc000 fd:01 1840689                    /home/abva222/.m2/repository/net/java/dev/jna/jna/4.1.0/jna-4.1.0.jar
7f512899a000-7f51289a0000 r--s 0005a000 fd:01 2515484                    /home/abva222/.m2/repository/org/jenkins-ci/jmdns/3.4.0-jenkins-3/jmdns-3.4.0-jenkins-3.jar
7f51289a0000-7f51289a2000 r--s 00005000 fd:01 2515481                    /home/abva222/.m2/repository/stax/stax-api/1.0.1/stax-api-1.0.1.jar
7f51289a2000-7f51289a8000 r--s 0007a000 fd:01 1455612                    /home/abva222/.m2/repository/org/codehaus/woodstox/wstx-asl/3.2.9/wstx-asl-3.2.9.jar
7f51289a8000-7f51289aa000 r--s 00003000 fd:01 2515480                    /home/abva222/.m2/repository/org/jenkins-ci/memory-monitor/1.9/memory-monitor-1.9.jar
7f51289aa000-7f51289ac000 r--s 00004000 fd:01 1980582                    /home/abva222/.m2/repository/org/jvnet/winp/winp/1.22/winp-1.22.jar
7f51289ac000-7f51289ba000 r--s 0007f000 fd:01 1574627                    /home/abva222/.m2/repository/commons-collections/commons-collections/3.2.1/commons-collections-3.2.1.jar
7f51289ba000-7f51289bb000 r--s 00004000 fd:01 2515478                    /home/abva222/.m2/repository/relaxngDatatype/relaxngDatatype/20020414/relaxngDatatype-20020414.jar
7f51289bb000-7f51289bd000 r--s 00004000 fd:01 2515471                    /home/abva222/.m2/repository/javax/xml/stream/stax-api/1.0-2/stax-api-1.0-2.jar
7f51289bd000-7f51289c0000 r--s 0000e000 fd:01 1712536                    /home/abva222/.m2/repository/com/sun/xml/txw2/txw2/20110809/txw2-20110809.jar
7f51289c0000-7f51289c2000 r--s 0000e000 fd:01 2515473                    /home/abva222/.m2/repository/commons-logging/commons-logging/1.1.3/commons-logging-1.1.3.jar
7f51289c2000-7f51289c4000 r--s 00003000 fd:01 2515472                    /home/abva222/.m2/repository/javax/servlet/jstl/1.1.0/jstl-1.1.0.jar
7f51289c4000-7f51289c6000 r--s 00003000 fd:01 2514712                    /home/abva222/.m2/repository/org/powermock/powermock-api-support/1.5.6/powermock-api-support-1.5.6.jar
7f51289c6000-7f51289e7000 r--s 00162000 fd:01 2514719                    /home/abva222/.m2/repository/org/mockito/mockito-all/1.9.5/mockito-all-1.9.5.jar
7f51289e7000-7f51289ea000 r--s 0000f000 fd:01 2514717                    /home/abva222/.m2/repository/org/powermock/powermock-api-mockito/1.5.6/powermock-api-mockito-1.5.6.jar
7f51289ea000-7f51289ec000 r--s 00009000 fd:01 2514713                    /home/abva222/.m2/repository/org/powermock/powermock-reflect/1.5.6/powermock-reflect-1.5.6.jar
7f51289ec000-7f51289f6000 r--s 000a5000 fd:01 2514711                    /home/abva222/.m2/repository/org/javassist/javassist/3.18.2-GA/javassist-3.18.2-GA.jar
7f51289f6000-7f51289f9000 r--s 00012000 fd:01 2514709                    /home/abva222/.m2/repository/org/powermock/powermock-core/1.5.6/powermock-core-1.5.6.jar
7f51289f9000-7f51289fb000 r--s 00002000 fd:01 2514707                    /home/abva222/.m2/repository/org/powermock/powermock-module-junit4-common/1.5.6/powermock-module-junit4-common-1.5.6.jar
7f51289fb000-7f51289fc000 r--s 00005000 fd:01 2371101                    /home/abva222/.m2/repository/org/powermock/powermock-module-junit4/1.5.6/powermock-module-junit4-1.5.6.jar
7f51289fc000-7f51289fe000 r--s 00005000 fd:01 2515445                    /home/abva222/.m2/repository/org/objenesis/objenesis/1.0/objenesis-1.0.jar
7f51289fe000-7f5128a1d000 r--s 00150000 fd:01 2515467                    /home/abva222/.m2/repository/org/mockito/mockito-core/1.9.5/mockito-core-1.9.5.jar
7f5128a1d000-7f5128a1f000 r--s 00009000 fd:01 1574727                    /home/abva222/.m2/repository/org/hamcrest/hamcrest-core/1.3/hamcrest-core-1.3.jar
7f5128a1f000-7f5128a25000 r--s 00036000 fd:01 1576342                    /home/abva222/.m2/repository/junit/junit/4.11/junit-4.11.jar
7f5128a25000-7f5128a28000 r--s 0001b000 fd:01 2515466                    /home/abva222/.m2/repository/xpp3/xpp3/1.1.4c/xpp3-1.1.4c.jar
7f5128a28000-7f5128a30000 r--s 00048000 fd:01 2515464                    /home/abva222/.m2/repository/org/springframework/spring-aop/2.5.6.SEC03/spring-aop-2.5.6.SEC03.jar
7f5128a30000-7f5128a36000 r--s 00040000 fd:01 2515463                    /home/abva222/.m2/repository/org/springframework/spring-core/2.5.6.SEC03/spring-core-2.5.6.SEC03.jar
7f5128a36000-7f5128a3b000 r--s 0002b000 fd:01 2515459                    /home/abva222/.m2/repository/org/springframework/spring-web/2.5.6.SEC03/spring-web-2.5.6.SEC03.jar
7f5128a3b000-7f5128a3e000 r--s 00015000 fd:01 2515457                    /home/abva222/.m2/repository/org/springframework/spring-context-support/2.5.6.SEC03/spring-context-support-2.5.6.SEC03.jar
7f5128a3e000-7f5128a4a000 r--s 00069000 fd:01 2515456                    /home/abva222/.m2/repository/org/springframework/spring-context/2.5.6.SEC03/spring-context-2.5.6.SEC03.jar
7f5128a4a000-7f5128a54000 r--s 0006e000 fd:01 2515455                    /home/abva222/.m2/repository/org/springframework/spring-beans/2.5.6.SEC03/spring-beans-2.5.6.SEC03.jar
7f5128a54000-7f5128a5d000 r--s 0005a000 fd:01 2515453                    /home/abva222/.m2/repository/org/springframework/spring-webmvc/2.5.6.SEC03/spring-webmvc-2.5.6.SEC03.jar
7f5128a5d000-7f5128a5f000 r--s 0001a000 fd:01 2515450                    /home/abva222/.m2/repository/org/fusesource/jansi/jansi/1.9/jansi-1.9.jar
7f5128a5f000-7f5128a61000 r--s 00014000 fd:01 2098521                    /home/abva222/.m2/repository/jline/jline/0.9.94/jline-0.9.94.jar
7f5128a61000-7f5128abf000 r--s 00592000 fd:01 2515448                    /home/abva222/.m2/repository/org/codehaus/groovy/groovy-all/1.8.9/groovy-all-1.8.9.jar
7f5128abf000-7f5128ac7000 r--s 0004f000 fd:01 1840606                    /home/abva222/.m2/repository/log4j/log4j/1.2.9/log4j-1.2.9.jar
7f5128ac7000-7f5128ac9000 r--s 0000e000 fd:01 2369096                    /home/abva222/.m2/repository/oro/oro/2.0.8/oro-2.0.8.jar
7f5128ac9000-7f5128acd000 r--s 00014000 fd:01 2515446                    /home/abva222/.m2/repository/org/springframework/spring-dao/1.2.9/spring-dao-1.2.9.jar
7f5128acd000-7f5128ad2000 r--s 00029000 fd:01 2515444                    /home/abva222/.m2/repository/org/springframework/spring-jdbc/1.2.9/spring-jdbc-1.2.9.jar
7f5128ad2000-7f5128adf000 r--s 00079000 fd:01 2515443                    /home/abva222/.m2/repository/org/acegisecurity/acegi-security/1.0.7/acegi-security-1.0.7.jar
7f5128adf000-7f5128ae3000 r--s 0001f000 fd:01 2515442                    /home/abva222/.m2/repository/org/jenkins-ci/commons-jexl/1.1-jenkins-20111212/commons-jexl-1.1-jenkins-20111212.jar
7f5128ae3000-7f5128ae5000 r--s 00004000 fd:01 2515437                    /home/abva222/.m2/repository/org/jvnet/hudson/commons-jelly-tags-define/1.0.1-hudson-20071021/commons-jelly-tags-define-1.0.1-hudson-20071021.jar
7f5128ae5000-7f5128ae7000 r--s 00008000 fd:01 2515435                    /home/abva222/.m2/repository/commons-jelly/commons-jelly-tags-xml/1.1/commons-jelly-tags-xml-1.1.jar
7f5128ae7000-7f5128ae8000 r--s 00005000 fd:01 2515388                    /home/abva222/.m2/repository/commons-jelly/commons-jelly-tags-fmt/1.0/commons-jelly-tags-fmt-1.0.jar
7f5128ae8000-7f5128aee000 r--s 00035000 fd:01 2371154                    /home/abva222/.m2/repository/jaxen/jaxen/1.1-beta-11/jaxen-1.1-beta-11.jar
7f5128aee000-7f5128af0000 r--s 00010000 fd:01 2515433                    /home/abva222/.m2/repository/org/jvnet/hudson/activation/1.1.1-hudson-1/activation-1.1.1-hudson-1.jar
7f5128af0000-7f5128af7000 r--s 00072000 fd:01 2515429                    /home/abva222/.m2/repository/javax/mail/mail/1.4.4/mail-1.4.4.jar
7f5128af7000-7f5128afe000 r--s 00056000 fd:01 1454936                    /home/abva222/.m2/repository/org/apache/commons/commons-compress/1.9/commons-compress-1.9.jar
7f5128afe000-7f5128b03000 r--s 00034000 fd:01 2515427                    /home/abva222/.m2/repository/commons-beanutils/commons-beanutils/1.8.3/commons-beanutils-1.8.3.jar
7f5128b03000-7f5128b09000 r--s 0002b000 fd:01 2515426                    /home/abva222/.m2/repository/commons-digester/commons-digester/2.1/commons-digester-2.1.jar
7f5128b09000-7f5128b0e000 r--s 00041000 fd:01 2371041                    /home/abva222/.m2/repository/commons-lang/commons-lang/2.6/commons-lang-2.6.jar
7f5128b0e000-7f5128b12000 r--s 0002a000 fd:01 1575868                    /home/abva222/.m2/repository/commons-io/commons-io/2.4/commons-io-2.4.jar
7f5128b12000-7f5128b14000 r--s 00016000 fd:01 2514488                    /home/abva222/.m2/repository/javax/servlet/servlet-api/2.4/servlet-api-2.4.jar
7f5128b14000-7f5128b15000 r--s 00004000 fd:01 2242874                    /home/abva222/.m2/repository/org/apache/ant/ant-launcher/1.8.4/ant-launcher-1.8.4.jar
7f5128b15000-7f5128b33000 r--s 001bd000 fd:01 2242872                    /home/abva222/.m2/repository/org/apache/ant/ant/1.8.4/ant-1.8.4.jar
7f5128b33000-7f5128b39000 r--s 00046000 fd:01 2515422                    /home/abva222/.m2/repository/jfree/jcommon/1.0.12/jcommon-1.0.12.jar
7f5128b39000-7f5128b48000 r--s 0012d000 fd:01 2515423                    /home/abva222/.m2/repository/jfree/jfreechart/1.0.9/jfreechart-1.0.9.jar
7f5128b48000-7f5128b56000 r--s 00075000 fd:01 2515401                    /home/abva222/.m2/repository/org/jvnet/hudson/xstream/1.4.7-jenkins-1/xstream-1.4.7-jenkins-1.jar
7f5128b56000-7f5128b5c000 r--s 00067000 fd:01 1712534                    /home/abva222/.m2/repository/antlr/antlr/2.7.6/antlr-2.7.6.jar
7f5128b5c000-7f5128b5d000 r--s 00001000 fd:01 1840634                    /home/abva222/.m2/repository/org/jvnet/localizer/localizer/1.23/localizer-1.23.jar
7f5128b5d000-7f5128b5e000 r--s 00004000 fd:01 2515419                    /home/abva222/.m2/repository/org/jenkins-ci/task-reactor/1.4/task-reactor-1.4.jar
7f5128b5e000-7f5128b63000 r--s 00058000 fd:01 1455610                    /home/abva222/.m2/repository/org/kohsuke/asm5/5.0.1/asm5-5.0.1.jar
7f5128b63000-7f5128b65000 r--s 00005000 fd:01 2515418                    /home/abva222/.m2/repository/org/jenkins-ci/bytecode-compatibility-transformer/1.5/bytecode-compatibility-transformer-1.5.jar
7f5128b65000-7f5128b66000 r--s 00003000 fd:01 2515413                    /home/abva222/.m2/repository/org/jenkins-ci/annotation-indexer/1.7/annotation-indexer-1.7.jar
7f5128b66000-7f5128b69000 r--s 00013000 fd:01 2515412                    /home/abva222/.m2/repository/args4j/args4j/2.0.31/args4j-2.0.31.jar
7f5128b69000-7f5128b6f000 r--s 00045000 fd:01 2371152                    /home/abva222/.m2/repository/commons-httpclient/commons-httpclient/3.1/commons-httpclient-3.1.jar
7f5128b6f000-7f5128b72000 r--s 00013000 fd:01 2515411                    /home/abva222/.m2/repository/net/sf/ezmorph/ezmorph/1.0.6/ezmorph-1.0.6.jar
7f5128b72000-7f5128b75000 r--s 00020000 fd:01 2515408                    /home/abva222/.m2/repository/org/kohsuke/stapler/json-lib/2.4-jenkins-2/json-lib-2.4-jenkins-2.jar
7f5128b75000-7f5128b76000 r--s 00000000 fd:01 2515406                    /home/abva222/.m2/repository/com/infradna/tool/bridge-method-annotation/1.13/bridge-method-annotation-1.13.jar
7f5128b76000-7f5128b79000 r--s 0002d000 fd:01 2515404                    /home/abva222/.m2/repository/org/kohsuke/stapler/stapler-adjunct-timeline/1.4/stapler-adjunct-timeline-1.4-tests.jar
7f5128b79000-7f5128b7f000 r--s 0003e000 fd:01 2515402                    /home/abva222/.m2/repository/org/kohsuke/stapler/stapler-adjunct-codemirror/1.3/stapler-adjunct-codemirror-1.3.jar
7f5128b7f000-7f5128b83000 r--s 00025000 fd:01 2515400                    /home/abva222/.m2/repository/org/kohsuke/stapler/stapler-adjunct-timeline/1.4/stapler-adjunct-timeline-1.4.jar
7f5128b83000-7f5128b84000 r--s 00004000 fd:01 2515376                    /home/abva222/.m2/repository/org/kohsuke/stapler/stapler-adjunct-zeroclipboard/1.3.5-1/stapler-adjunct-zeroclipboard-1.3.5-1.jar
7f5128b84000-7f5128b86000 r--s 00000000 fd:01 1712532                    /home/abva222/.m2/repository/org/kohsuke/windows-package-checker/1.0/windows-package-checker-1.0.jar
7f5128b86000-7f5128b88000 r--s 00003000 fd:01 1980580                    /home/abva222/.m2/repository/org/jvnet/tiger-types/1.3/tiger-types-1.3.jar
7f5128b88000-7f5128b8b000 r--s 00010000 fd:01 1840517                    /home/abva222/.m2/repository/commons-discovery/commons-discovery/0.4/commons-discovery-0.4.jar
7f5128b8b000-7f5128b8d000 r--s 00005000 fd:01 2515398                    /home/abva222/.m2/repository/javax/annotation/javax.annotation-api/1.2/javax.annotation-api-1.2.jar
7f5128b8d000-7f5128b94000 r--s 0004f000 fd:01 2515396                    /home/abva222/.m2/repository/org/kohsuke/stapler/stapler/1.236/stapler-1.236.jar
7f5128b94000-7f5128b95000 r--s 00001000 fd:01 2515391                    /home/abva222/.m2/repository/org/kohsuke/stapler/stapler-jrebel/1.236/stapler-jrebel-1.236.jar
7f5128b95000-7f5128b9a000 r--s 0003a000 fd:01 2515390                    /home/abva222/.m2/repository/org/jenkins-ci/dom4j/dom4j/1.6.1-jenkins-4/dom4j-1.6.1-jenkins-4.jar
7f5128b9a000-7f5128b9e000 r--s 00026000 fd:01 2515389                    /home/abva222/.m2/repository/org/jenkins-ci/commons-jelly/1.1-jenkins-20120928/commons-jelly-1.1-jenkins-20120928.jar
7f5128b9e000-7f5128ba1000 r--s 00013000 fd:01 2515385                    /home/abva222/.m2/repository/org/kohsuke/stapler/stapler-jelly/1.236/stapler-jelly-1.236.jar
7f5128ba1000-7f5128ba3000 r--s 00007000 fd:01 2242871                    /home/abva222/.m2/repository/org/kohsuke/stapler/stapler-groovy/1.236/stapler-groovy-1.236.jar
7f5128ba3000-7f5128ba4000 ---p 00000000 00:00 0 
7f5128ba4000-7f5128ca4000 rw-p 00000000 00:00 0 
7f5128ca4000-7f5128ca7000 ---p 00000000 00:00 0 
7f5128ca7000-7f5128da5000 rw-p 00000000 00:00 0 
7f5128da5000-7f5128da8000 ---p 00000000 00:00 0 
7f5128da8000-7f5128ea6000 rw-p 00000000 00:00 0 
7f5128ea6000-7f5128ea9000 ---p 00000000 00:00 0 
7f5128ea9000-7f5128fa7000 rw-p 00000000 00:00 0 
7f5128fa7000-7f5128faa000 ---p 00000000 00:00 0 
7f5128faa000-7f51290a8000 rw-p 00000000 00:00 0 
7f51290a8000-7f5129240000 r--p 00000000 fd:01 6335                       /usr/lib/locale/locale-archive
7f5129240000-7f5129243000 ---p 00000000 00:00 0 
7f5129243000-7f5129341000 rw-p 00000000 00:00 0 
7f5129341000-7f5129344000 ---p 00000000 00:00 0 
7f5129344000-7f5129442000 rw-p 00000000 00:00 0 
7f5129442000-7f5129443000 ---p 00000000 00:00 0 
7f5129443000-7f5129e4c000 rw-p 00000000 00:00 0 
7f5129e4c000-7f512a026000 r--s 03d4d000 fd:01 1443523                    /usr/lib/jvm/java-8-oracle/jre/lib/rt.jar
7f512a026000-7f512c8f4000 rw-p 00000000 00:00 0 
7f512c8f4000-7f512c8f5000 ---p 00000000 00:00 0 
7f512c8f5000-7f512c9f5000 rw-p 00000000 00:00 0 
7f512c9f5000-7f512c9f6000 ---p 00000000 00:00 0 
7f512c9f6000-7f512cb20000 rw-p 00000000 00:00 0 
7f512cb20000-7f512cc40000 ---p 00000000 00:00 0 
7f512cc40000-7f512cc85000 rw-p 00000000 00:00 0 
7f512cc85000-7f512d000000 ---p 00000000 00:00 0 
7f512d000000-7f512e140000 rwxp 00000000 00:00 0 
7f512e140000-7f513c000000 ---p 00000000 00:00 0 
7f513c000000-7f513e1eb000 rw-p 00000000 00:00 0 
7f513e1eb000-7f5140000000 ---p 00000000 00:00 0 
7f5140000000-7f5140005000 r--s 0003c000 fd:01 2515380                    /home/abva222/.m2/repository/org/jenkins-ci/trilead-ssh2/build217-jenkins-8/trilead-ssh2-build217-jenkins-8.jar
7f5140005000-7f5140006000 r--s 00001000 fd:01 1455608                    /home/abva222/.m2/repository/org/kohsuke/trilead-putty-extension/1.2/trilead-putty-extension-1.2.jar
7f5140006000-7f514000b000 r--s 00048000 fd:01 2242868                    /home/abva222/.m2/repository/com/github/jnr/jnr-constants/0.8.5/jnr-constants-0.8.5.jar
7f514000b000-7f514000e000 r--s 00033000 fd:01 2242866                    /home/abva222/.m2/repository/com/github/jnr/jnr-x86asm/1.0.2/jnr-x86asm-1.0.2.jar
7f514000e000-7f5140010000 r--s 00008000 fd:01 2515381                    /home/abva222/.m2/repository/org/ow2/asm/asm-util/4.0/asm-util-4.0.jar
7f5140010000-7f5140012000 r--s 00004000 fd:01 2515379                    /home/abva222/.m2/repository/org/ow2/asm/asm-tree/4.0/asm-tree-4.0.jar
7f5140012000-7f5140013000 r--s 00004000 fd:01 2515377                    /home/abva222/.m2/repository/org/ow2/asm/asm-analysis/4.0/asm-analysis-4.0.jar
7f5140013000-7f5140015000 r--s 00008000 fd:01 2515362                    /home/abva222/.m2/repository/org/ow2/asm/asm-commons/4.0/asm-commons-4.0.jar
7f5140015000-7f5140017000 r--s 0000a000 fd:01 2371150                    /home/abva222/.m2/repository/org/ow2/asm/asm/4.0/asm-4.0.jar
7f5140017000-7f5140019000 r--s 0005d000 fd:01 2107768                    /home/abva222/.m2/repository/com/github/jnr/jffi/1.2.7/jffi-1.2.7-native.jar
7f5140019000-7f514001d000 r--s 00020000 fd:01 2107307                    /home/abva222/.m2/repository/com/github/jnr/jffi/1.2.7/jffi-1.2.7.jar
7f514001d000-7f514002d000 r--s 0008e000 fd:01 1980578                    /home/abva222/.m2/repository/com/github/jnr/jnr-ffi/1.0.7/jnr-ffi-1.0.7.jar
7f514002d000-7f5140031000 r--s 00023000 fd:01 1712530                    /home/abva222/.m2/repository/com/github/jnr/jnr-posix/3.0.1/jnr-posix-3.0.1.jar
7f5140031000-7f5140034000 r--s 00014000 fd:01 2515366                    /home/abva222/.m2/repository/org/jruby/ext/posix/jna-posix/1.0.3-jenkins-1/jna-posix-1.0.3-jenkins-1.jar
7f5140034000-7f5140036000 r--s 00000000 fd:01 2371148                    /home/abva222/.m2/repository/aopalliance/aopalliance/1.0/aopalliance-1.0.jar
7f5140036000-7f5140037000 r--s 00000000 fd:01 2515364                    /home/abva222/.m2/repository/javax/inject/javax.inject/1/javax.inject-1.jar
7f5140037000-7f5140057000 r--s 0014c000 fd:01 1980576                    /home/abva222/.m2/repository/com/google/inject/guice/4.0-beta/guice-4.0-beta.jar
7f5140057000-7f5140058000 r--s 00000000 fd:01 2515367                    /home/abva222/.m2/repository/org/jenkins-ci/core-annotation-processors/1.0/core-annotation-processors-1.0.jar
7f5140058000-7f514005b000 r--s 0001c000 fd:01 2515369                    /home/abva222/.m2/repository/org/jvnet/hudson/jtidy/4aug2000r7-dev-hudson-1/jtidy-4aug2000r7-dev-hudson-1.jar
7f514005b000-7f514005d000 r--s 00000000 fd:01 2515365                    /home/abva222/.m2/repository/org/jenkins-ci/crypto-util/1.1/crypto-util-1.1.jar
7f514005d000-7f514005f000 r--s 00008000 fd:01 1980644                    /home/abva222/CS498/mp5/jenkins/cli/target/cli-1.610-SNAPSHOT.jar
7f514005f000-7f5140068000 r--s 0006c000 fd:01 2514724                    /home/abva222/.m2/repository/org/jenkins-ci/main/remoting/2.50/remoting-2.50.jar
7f5140068000-7f514006a000 r--s 00003000 fd:01 2515361                    /home/abva222/.m2/repository/org/jenkins-ci/plugins/icon-shim/icon-set/1.0.5/icon-set-1.0.5.jar
7f514006a000-7f51400e3000 rw-p 00000000 00:00 0 
7f51400e3000-7f5140202000 ---p 00000000 00:00 0 
7f5140202000-7f51402a7000 rw-p 00000000 00:00 0 
7f51402a7000-7f51402a8000 rw-p 00000000 00:00 0 
7f51402a8000-7f51402c2000 r-xp 00000000 fd:01 1443554                    /usr/lib/jvm/java-8-oracle/jre/lib/amd64/libzip.so
7f51402c2000-7f51404c2000 ---p 0001a000 fd:01 1443554                    /usr/lib/jvm/java-8-oracle/jre/lib/amd64/libzip.so
7f51404c2000-7f51404c3000 rw-p 0001a000 fd:01 1443554                    /usr/lib/jvm/java-8-oracle/jre/lib/amd64/libzip.so
7f51404c3000-7f51404ce000 r-xp 00000000 fd:01 11372                      /lib/x86_64-linux-gnu/libnss_files-2.23.so
7f51404ce000-7f51406cd000 ---p 0000b000 fd:01 11372                      /lib/x86_64-linux-gnu/libnss_files-2.23.so
7f51406cd000-7f51406ce000 r--p 0000a000 fd:01 11372                      /lib/x86_64-linux-gnu/libnss_files-2.23.so
7f51406ce000-7f51406cf000 rw-p 0000b000 fd:01 11372                      /lib/x86_64-linux-gnu/libnss_files-2.23.so
7f51406cf000-7f51406d5000 rw-p 00000000 00:00 0 
7f51406d5000-7f51406e0000 r-xp 00000000 fd:01 11375                      /lib/x86_64-linux-gnu/libnss_nis-2.23.so
7f51406e0000-7f51408df000 ---p 0000b000 fd:01 11375                      /lib/x86_64-linux-gnu/libnss_nis-2.23.so
7f51408df000-7f51408e0000 r--p 0000a000 fd:01 11375                      /lib/x86_64-linux-gnu/libnss_nis-2.23.so
7f51408e0000-7f51408e1000 rw-p 0000b000 fd:01 11375                      /lib/x86_64-linux-gnu/libnss_nis-2.23.so
7f51408e1000-7f51408f7000 r-xp 00000000 fd:01 7123                       /lib/x86_64-linux-gnu/libnsl-2.23.so
7f51408f7000-7f5140af6000 ---p 00016000 fd:01 7123                       /lib/x86_64-linux-gnu/libnsl-2.23.so
7f5140af6000-7f5140af7000 r--p 00015000 fd:01 7123                       /lib/x86_64-linux-gnu/libnsl-2.23.so
7f5140af7000-7f5140af8000 rw-p 00016000 fd:01 7123                       /lib/x86_64-linux-gnu/libnsl-2.23.so
7f5140af8000-7f5140afa000 rw-p 00000000 00:00 0 
7f5140afa000-7f5140b02000 r-xp 00000000 fd:01 11381                      /lib/x86_64-linux-gnu/libnss_compat-2.23.so
7f5140b02000-7f5140d01000 ---p 00008000 fd:01 11381                      /lib/x86_64-linux-gnu/libnss_compat-2.23.so
7f5140d01000-7f5140d02000 r--p 00007000 fd:01 11381                      /lib/x86_64-linux-gnu/libnss_compat-2.23.so
7f5140d02000-7f5140d03000 rw-p 00008000 fd:01 11381                      /lib/x86_64-linux-gnu/libnss_compat-2.23.so
7f5140d03000-7f5140d2e000 r-xp 00000000 fd:01 1443579                    /usr/lib/jvm/java-8-oracle/jre/lib/amd64/libjava.so
7f5140d2e000-7f5140f2d000 ---p 0002b000 fd:01 1443579                    /usr/lib/jvm/java-8-oracle/jre/lib/amd64/libjava.so
7f5140f2d000-7f5140f2f000 rw-p 0002a000 fd:01 1443579                    /usr/lib/jvm/java-8-oracle/jre/lib/amd64/libjava.so
7f5140f2f000-7f5140f3c000 r-xp 00000000 fd:01 1443532                    /usr/lib/jvm/java-8-oracle/jre/lib/amd64/libverify.so
7f5140f3c000-7f514113c000 ---p 0000d000 fd:01 1443532                    /usr/lib/jvm/java-8-oracle/jre/lib/amd64/libverify.so
7f514113c000-7f514113e000 rw-p 0000d000 fd:01 1443532                    /usr/lib/jvm/java-8-oracle/jre/lib/amd64/libverify.so
7f514113e000-7f5141145000 r-xp 00000000 fd:01 11377                      /lib/x86_64-linux-gnu/librt-2.23.so
7f5141145000-7f5141344000 ---p 00007000 fd:01 11377                      /lib/x86_64-linux-gnu/librt-2.23.so
7f5141344000-7f5141345000 r--p 00006000 fd:01 11377                      /lib/x86_64-linux-gnu/librt-2.23.so
7f5141345000-7f5141346000 rw-p 00007000 fd:01 11377                      /lib/x86_64-linux-gnu/librt-2.23.so
7f5141346000-7f514144e000 r-xp 00000000 fd:01 11386                      /lib/x86_64-linux-gnu/libm-2.23.so
7f514144e000-7f514164d000 ---p 00108000 fd:01 11386                      /lib/x86_64-linux-gnu/libm-2.23.so
7f514164d000-7f514164e000 r--p 00107000 fd:01 11386                      /lib/x86_64-linux-gnu/libm-2.23.so
7f514164e000-7f514164f000 rw-p 00108000 fd:01 11386                      /lib/x86_64-linux-gnu/libm-2.23.so
7f514164f000-7f5142322000 r-xp 00000000 fd:01 1443591                    /usr/lib/jvm/java-8-oracle/jre/lib/amd64/server/libjvm.so
7f5142322000-7f5142521000 ---p 00cd3000 fd:01 1443591                    /usr/lib/jvm/java-8-oracle/jre/lib/amd64/server/libjvm.so
7f5142521000-7f51425fb000 rw-p 00cd2000 fd:01 1443591                    /usr/lib/jvm/java-8-oracle/jre/lib/amd64/server/libjvm.so
7f51425fb000-7f5142646000 rw-p 00000000 00:00 0 
7f5142646000-7f5142806000 r-xp 00000000 fd:01 11391                      /lib/x86_64-linux-gnu/libc-2.23.so
7f5142806000-7f5142a06000 ---p 001c0000 fd:01 11391                      /lib/x86_64-linux-gnu/libc-2.23.so
7f5142a06000-7f5142a0a000 r--p 001c0000 fd:01 11391                      /lib/x86_64-linux-gnu/libc-2.23.so
7f5142a0a000-7f5142a0c000 rw-p 001c4000 fd:01 11391                      /lib/x86_64-linux-gnu/libc-2.23.so
7f5142a0c000-7f5142a10000 rw-p 00000000 00:00 0 
7f5142a10000-7f5142a13000 r-xp 00000000 fd:01 11380                      /lib/x86_64-linux-gnu/libdl-2.23.so
7f5142a13000-7f5142c12000 ---p 00003000 fd:01 11380                      /lib/x86_64-linux-gnu/libdl-2.23.so
7f5142c12000-7f5142c13000 r--p 00002000 fd:01 11380                      /lib/x86_64-linux-gnu/libdl-2.23.so
7f5142c13000-7f5142c14000 rw-p 00003000 fd:01 11380                      /lib/x86_64-linux-gnu/libdl-2.23.so
7f5142c14000-7f5142c29000 r-xp 00000000 fd:01 1443588                    /usr/lib/jvm/java-8-oracle/jre/lib/amd64/jli/libjli.so
7f5142c29000-7f5142e29000 ---p 00015000 fd:01 1443588                    /usr/lib/jvm/java-8-oracle/jre/lib/amd64/jli/libjli.so
7f5142e29000-7f5142e2a000 rw-p 00015000 fd:01 1443588                    /usr/lib/jvm/java-8-oracle/jre/lib/amd64/jli/libjli.so
7f5142e2a000-7f5142e42000 r-xp 00000000 fd:01 11374                      /lib/x86_64-linux-gnu/libpthread-2.23.so
7f5142e42000-7f5143041000 ---p 00018000 fd:01 11374                      /lib/x86_64-linux-gnu/libpthread-2.23.so
7f5143041000-7f5143042000 r--p 00017000 fd:01 11374                      /lib/x86_64-linux-gnu/libpthread-2.23.so
7f5143042000-7f5143043000 rw-p 00018000 fd:01 11374                      /lib/x86_64-linux-gnu/libpthread-2.23.so
7f5143043000-7f5143047000 rw-p 00000000 00:00 0 
7f5143047000-7f514306d000 r-xp 00000000 fd:01 11369                      /lib/x86_64-linux-gnu/ld-2.23.so
7f514306d000-7f514306e000 r--s 00002000 fd:01 2515363                    /home/abva222/.m2/repository/org/jenkins-ci/version-number/1.1/version-number-1.1.jar
7f514306e000-7f5143072000 r--s 00021000 fd:01 1712490                    /home/abva222/.m2/repository/org/apache/maven/surefire/surefire-api/2.16/surefire-api-2.16.jar
7f5143072000-7f5143074000 r--s 00008000 fd:01 1840640                    /home/abva222/.m2/repository/org/apache/maven/surefire/surefire-booter/2.16/surefire-booter-2.16.jar
7f5143074000-7f5143145000 rw-p 00000000 00:00 0 
7f5143145000-7f5143148000 ---p 00000000 00:00 0 
7f5143148000-7f514324a000 rw-p 00000000 00:00 0 
7f514324a000-7f514324b000 r--s 00003000 fd:01 2514725                    /home/abva222/.m2/repository/org/jenkins-ci/constant-pool-scanner/1.2/constant-pool-scanner-1.2.jar
7f514324b000-7f514324c000 r--s 00003000 fd:01 2526628                    /home/abva222/CS498/mp5/jenkins/core/target/surefire/surefirebooter515756079706545114.jar
7f514324c000-7f5143260000 rw-p 00000000 00:00 0 
7f5143260000-7f5143268000 rw-s 00000000 fd:01 9000                       /tmp/hsperfdata_abva222/18816
7f5143268000-7f5143269000 rw-p 00000000 00:00 0 
7f5143269000-7f514326a000 ---p 00000000 00:00 0 
7f514326a000-7f514326c000 rw-p 00000000 00:00 0 
7f514326c000-7f514326d000 r--p 00025000 fd:01 11369                      /lib/x86_64-linux-gnu/ld-2.23.so
7f514326d000-7f514326e000 rw-p 00026000 fd:01 11369                      /lib/x86_64-linux-gnu/ld-2.23.so
7f514326e000-7f514326f000 rw-p 00000000 00:00 0 
7ffc128dc000-7ffc128fe000 rw-p 00000000 00:00 0                          [stack]
7ffc12964000-7ffc12966000 r--p 00000000 00:00 0                          [vvar]
7ffc12966000-7ffc12968000 r-xp 00000000 00:00 0                          [vdso]
ffffffffff600000-ffffffffff601000 r-xp 00000000 00:00 0                  [vsyscall]

VM Arguments:
jvm_args: -XX:MaxPermSize=128m 
java_command: /home/abva222/CS498/mp5/jenkins/core/target/surefire/surefirebooter515756079706545114.jar /home/abva222/CS498/mp5/jenkins/core/target/surefire/surefire6125408596146087282tmp /home/abva222/CS498/mp5/jenkins/core/target/surefire/surefire_0235373660742228290tmp
java_class_path (initial): /home/abva222/CS498/mp5/jenkins/core/target/surefire/surefirebooter515756079706545114.jar
Launcher Type: SUN_STANDARD

Environment Variables:
JAVA_HOME=/usr/lib/jvm/java-8-oracle
PATH=/home/abva222/bin:/home/abva222/.local/bin:/usr/local/sbin:/usr/local/bin:/usr/sbin:/usr/bin:/sbin:/bin:/usr/games:/usr/local/games:/snap/bin:/usr/lib/jvm/java-8-oracle/bin:/usr/lib/jvm/java-8-oracle/db/bin:/usr/lib/jvm/java-8-oracle/jre/bin
SHELL=/bin/bash
DISPLAY=:0

Signal Handlers:
SIGSEGV: [libjvm.so+0xacba10], sa_mask[0]=11111111011111111101111111111110, sa_flags=SA_RESTART|SA_SIGINFO
SIGBUS: [libjvm.so+0xacba10], sa_mask[0]=11111111011111111101111111111110, sa_flags=SA_RESTART|SA_SIGINFO
SIGFPE: [libjvm.so+0x924ba0], sa_mask[0]=11111111011111111101111111111110, sa_flags=SA_RESTART|SA_SIGINFO
SIGPIPE: [libjvm.so+0x924ba0], sa_mask[0]=11111111011111111101111111111110, sa_flags=SA_RESTART|SA_SIGINFO
SIGXFSZ: [libjvm.so+0x924ba0], sa_mask[0]=11111111011111111101111111111110, sa_flags=SA_RESTART|SA_SIGINFO
SIGILL: [libjvm.so+0x924ba0], sa_mask[0]=11111111011111111101111111111110, sa_flags=SA_RESTART|SA_SIGINFO
SIGUSR1: SIG_DFL, sa_mask[0]=00000000000000000000000000000000, sa_flags=none
SIGUSR2: [libjvm.so+0x9263e0], sa_mask[0]=00100000000000000000000000000000, sa_flags=SA_RESTART|SA_SIGINFO
SIGHUP: [libjvm.so+0x9277e0], sa_mask[0]=11111111011111111101111111111110, sa_flags=SA_RESTART|SA_SIGINFO
SIGINT: [libjvm.so+0x9277e0], sa_mask[0]=11111111011111111101111111111110, sa_flags=SA_RESTART|SA_SIGINFO
SIGTERM: [libjvm.so+0x9277e0], sa_mask[0]=11111111011111111101111111111110, sa_flags=SA_RESTART|SA_SIGINFO
SIGQUIT: [libjvm.so+0x9277e0], sa_mask[0]=11111111011111111101111111111110, sa_flags=SA_RESTART|SA_SIGINFO


---------------  S Y S T E M  ---------------

OS:DISTRIB_ID=Ubuntu
DISTRIB_RELEASE=16.04
DISTRIB_CODENAME=xenial
DISTRIB_DESCRIPTION="Ubuntu 16.04.3 LTS"

uname:Linux 4.4.0-92-generic #115-Ubuntu SMP Thu Aug 10 09:04:33 UTC 2017 x86_64
libc:glibc 2.23 NPTL 2.23 
rlimit: STACK 8192k, CORE 0k, NPROC 15642, NOFILE 1048576, AS infinity
load average:6.22 2.19 2.31

/proc/meminfo:
MemTotal:        4046396 kB
MemFree:          113688 kB
MemAvailable:      29252 kB
Buffers:             164 kB
Cached:            79256 kB
SwapCached:            0 kB
Active:          3697268 kB
Inactive:          71320 kB
Active(anon):    3690800 kB
Inactive(anon):    64736 kB
Active(file):       6468 kB
Inactive(file):     6584 kB
Unevictable:          32 kB
Mlocked:              32 kB
SwapTotal:             0 kB
SwapFree:              0 kB
Dirty:                80 kB
Writeback:             0 kB
AnonPages:       3689400 kB
Mapped:            38088 kB
Shmem:             66172 kB
Slab:              88520 kB
SReclaimable:      59480 kB
SUnreclaim:        29040 kB
KernelStack:        9744 kB
PageTables:        38092 kB
NFS_Unstable:          0 kB
Bounce:                0 kB
WritebackTmp:          0 kB
CommitLimit:     2023196 kB
Committed_AS:    8262484 kB
VmallocTotal:   34359738367 kB
VmallocUsed:           0 kB
VmallocChunk:          0 kB
HardwareCorrupted:     0 kB
AnonHugePages:    425984 kB
CmaTotal:              0 kB
CmaFree:               0 kB
HugePages_Total:       0
HugePages_Free:        0
HugePages_Rsvd:        0
HugePages_Surp:        0
Hugepagesize:       2048 kB
DirectMap4k:      186216 kB
DirectMap2M:     4007936 kB
DirectMap1G:     2097152 kB


CPU:total 2 (initial active 2) (1 cores per cpu, 1 threads per core) family 6 model 58 stepping 9, cmov, cx8, fxsr, mmx, sse, sse2, sse3, ssse3, sse4.1, sse4.2, popcnt, avx, aes, clmul, erms, tsc

/proc/cpuinfo:
processor	: 0
vendor_id	: GenuineIntel
cpu family	: 6
model		: 58
model name	: Intel Xeon E3-12xx v2 (Ivy Bridge)
stepping	: 9
microcode	: 0x1
cpu MHz		: 2493.964
cache size	: 16384 KB
physical id	: 0
siblings	: 1
core id		: 0
cpu cores	: 1
apicid		: 0
initial apicid	: 0
fpu		: yes
fpu_exception	: yes
cpuid level	: 13
wp		: yes
flags		: fpu vme de pse tsc msr pae mce cx8 apic sep mtrr pge mca cmov pat pse36 clflush mmx fxsr sse sse2 ss syscall nx pdpe1gb rdtscp lm constant_tsc rep_good nopl xtopology eagerfpu pni pclmulqdq vmx ssse3 cx16 pcid sse4_1 sse4_2 x2apic popcnt tsc_deadline_timer aes xsave avx f16c rdrand hypervisor lahf_lm tpr_shadow vnmi flexpriority ept vpid fsgsbase smep erms xsaveopt arat
bugs		:
bogomips	: 4987.92
clflush size	: 64
cache_alignment	: 64
address sizes	: 40 bits physical, 48 bits virtual
power management:

processor	: 1
vendor_id	: GenuineIntel
cpu family	: 6
model		: 58
model name	: Intel Xeon E3-12xx v2 (Ivy Bridge)
stepping	: 9
microcode	: 0x1
cpu MHz		: 2493.964
cache size	: 16384 KB
physical id	: 1
siblings	: 1
core id		: 0
cpu cores	: 1
apicid		: 1
initial apicid	: 1
fpu		: yes
fpu_exception	: yes
cpuid level	: 13
wp		: yes
flags		: fpu vme de pse tsc msr pae mce cx8 apic sep mtrr pge mca cmov pat pse36 clflush mmx fxsr sse sse2 ss syscall nx pdpe1gb rdtscp lm constant_tsc rep_good nopl xtopology eagerfpu pni pclmulqdq vmx ssse3 cx16 pcid sse4_1 sse4_2 x2apic popcnt tsc_deadline_timer aes xsave avx f16c rdrand hypervisor lahf_lm tpr_shadow vnmi flexpriority ept vpid fsgsbase smep erms xsaveopt arat
bugs		:
bogomips	: 4987.92
clflush size	: 64
cache_alignment	: 64
address sizes	: 40 bits physical, 48 bits virtual
power management:



Memory: 4k page, physical 4046396k(119340k free), swap 0k(0k free)

vm_info: Java HotSpot(TM) 64-Bit Server VM (25.144-b01) for linux-amd64 JRE (1.8.0_144-b01), built on Jul 21 2017 21:57:33 by "java_re" with gcc 4.3.0 20080428 (Red Hat 4.3.0-8)

time: Fri Nov 17 12:07:50 2017
elapsed time: 93 seconds (0d 0h 1m 33s)

